{"/home/blabla/Desktop/hk1-nam4/testing/Testing-Express-REST-API/config/default.ts": {"path":"/home/blabla/Desktop/hk1-nam4/testing/Testing-Express-REST-API/config/default.ts","statementMap":{"0":{"start":{"line":1,"column":0},"end":{"line":29,"column":2}}},"fnMap":{},"branchMap":{},"s":{"0":1},"f":{},"b":{}}
,"/home/blabla/Desktop/hk1-nam4/testing/Testing-Express-REST-API/config/test.ts": {"path":"/home/blabla/Desktop/hk1-nam4/testing/Testing-Express-REST-API/config/test.ts","statementMap":{"0":{"start":{"line":1,"column":0},"end":{"line":29,"column":2}}},"fnMap":{},"branchMap":{},"s":{"0":1},"f":{},"b":{}}
,"/home/blabla/Desktop/hk1-nam4/testing/Testing-Express-REST-API/src/routes.ts": {"path":"/home/blabla/Desktop/hk1-nam4/testing/Testing-Express-REST-API/src/routes.ts","statementMap":{"0":{"start":{"line":2,"column":0},"end":{"line":2,"column":null}},"1":{"start":{"line":7,"column":0},"end":{"line":7,"column":null}},"2":{"start":{"line":12,"column":0},"end":{"line":12,"column":65}},"3":{"start":{"line":13,"column":0},"end":{"line":13,"column":51}},"4":{"start":{"line":14,"column":0},"end":{"line":14,"column":61}},"5":{"start":{"line":15,"column":0},"end":{"line":15,"column":null}},"6":{"start":{"line":21,"column":0},"end":{"line":21,"column":62}},"7":{"start":{"line":22,"column":0},"end":{"line":22,"column":56}},"8":{"start":{"line":25,"column":2},"end":{"line":25,"column":80}},"9":{"start":{"line":25,"column":59},"end":{"line":25,"column":79}},"10":{"start":{"line":27,"column":2},"end":{"line":27,"column":80}},"11":{"start":{"line":29,"column":2},"end":{"line":33,"column":4}},"12":{"start":{"line":35,"column":2},"end":{"line":35,"column":64}},"13":{"start":{"line":37,"column":2},"end":{"line":37,"column":65}},"14":{"start":{"line":39,"column":2},"end":{"line":43,"column":4}},"15":{"start":{"line":45,"column":2},"end":{"line":49,"column":4}},"16":{"start":{"line":51,"column":2},"end":{"line":55,"column":4}},"17":{"start":{"line":57,"column":2},"end":{"line":61,"column":4}},"18":{"start":{"line":64,"column":0},"end":{"line":64,"column":22}}},"fnMap":{"0":{"name":"routes","decl":{"start":{"line":24,"column":9},"end":{"line":24,"column":15}},"loc":{"start":{"line":24,"column":28},"end":{"line":62,"column":1}}},"1":{"name":"(anonymous_2)","decl":{"start":{"line":25,"column":26},"end":{"line":25,"column":27}},"loc":{"start":{"line":25,"column":54},"end":{"line":25,"column":62}}}},"branchMap":{},"s":{"0":1,"1":1,"2":1,"3":1,"4":1,"5":1,"6":1,"7":1,"8":2,"9":0,"10":2,"11":2,"12":2,"13":2,"14":2,"15":2,"16":2,"17":2,"18":1},"f":{"0":2,"1":0},"b":{}}
,"/home/blabla/Desktop/hk1-nam4/testing/Testing-Express-REST-API/src/controller/product.controller.ts": {"path":"/home/blabla/Desktop/hk1-nam4/testing/Testing-Express-REST-API/src/controller/product.controller.ts","statementMap":{"0":{"start":{"line":6,"column":0},"end":{"line":6,"column":null}},"1":{"start":{"line":17,"column":8},"end":{"line":17,"column":37}},"2":{"start":{"line":19,"column":8},"end":{"line":19,"column":24}},"3":{"start":{"line":21,"column":18},"end":{"line":21,"column":null}},"4":{"start":{"line":21,"column":8},"end":{"line":21,"column":null}},"5":{"start":{"line":23,"column":2},"end":{"line":23,"column":27}},"6":{"start":{"line":13,"column":0},"end":{"line":13,"column":22}},"7":{"start":{"line":30,"column":8},"end":{"line":30,"column":37}},"8":{"start":{"line":32,"column":8},"end":{"line":32,"column":41}},"9":{"start":{"line":33,"column":8},"end":{"line":33,"column":26}},"10":{"start":{"line":35,"column":18},"end":{"line":35,"column":null}},"11":{"start":{"line":35,"column":8},"end":{"line":35,"column":null}},"12":{"start":{"line":37,"column":2},"end":{"line":39,"column":null}},"13":{"start":{"line":38,"column":4},"end":{"line":38,"column":31}},"14":{"start":{"line":41,"column":2},"end":{"line":43,"column":null}},"15":{"start":{"line":42,"column":4},"end":{"line":42,"column":31}},"16":{"start":{"line":45,"column":25},"end":{"line":47,"column":null}},"17":{"start":{"line":45,"column":8},"end":{"line":47,"column":null}},"18":{"start":{"line":49,"column":2},"end":{"line":49,"column":34}},"19":{"start":{"line":26,"column":0},"end":{"line":26,"column":22}},"20":{"start":{"line":56,"column":8},"end":{"line":56,"column":41}},"21":{"start":{"line":57,"column":18},"end":{"line":57,"column":null}},"22":{"start":{"line":57,"column":8},"end":{"line":57,"column":null}},"23":{"start":{"line":59,"column":2},"end":{"line":61,"column":null}},"24":{"start":{"line":60,"column":4},"end":{"line":60,"column":31}},"25":{"start":{"line":63,"column":2},"end":{"line":63,"column":27}},"26":{"start":{"line":52,"column":0},"end":{"line":52,"column":22}},"27":{"start":{"line":70,"column":8},"end":{"line":70,"column":37}},"28":{"start":{"line":71,"column":8},"end":{"line":71,"column":41}},"29":{"start":{"line":73,"column":18},"end":{"line":73,"column":null}},"30":{"start":{"line":73,"column":8},"end":{"line":73,"column":null}},"31":{"start":{"line":75,"column":2},"end":{"line":77,"column":null}},"32":{"start":{"line":76,"column":4},"end":{"line":76,"column":31}},"33":{"start":{"line":79,"column":2},"end":{"line":81,"column":null}},"34":{"start":{"line":80,"column":4},"end":{"line":80,"column":31}},"35":{"start":{"line":83,"column":2},"end":{"line":83,"column":37}},"36":{"start":{"line":85,"column":2},"end":{"line":85,"column":29}},"37":{"start":{"line":66,"column":0},"end":{"line":66,"column":22}}},"fnMap":{"0":{"name":"createProductHandler","decl":{"start":{"line":13,"column":22},"end":{"line":13,"column":42}},"loc":{"start":{"line":15,"column":15},"end":{"line":24,"column":null}}},"1":{"name":"updateProductHandler","decl":{"start":{"line":26,"column":22},"end":{"line":26,"column":42}},"loc":{"start":{"line":28,"column":15},"end":{"line":50,"column":null}}},"2":{"name":"getProductHandler","decl":{"start":{"line":52,"column":22},"end":{"line":52,"column":39}},"loc":{"start":{"line":54,"column":15},"end":{"line":64,"column":null}}},"3":{"name":"deleteProductHandler","decl":{"start":{"line":66,"column":22},"end":{"line":66,"column":42}},"loc":{"start":{"line":68,"column":15},"end":{"line":86,"column":null}}}},"branchMap":{"0":{"loc":{"start":{"line":37,"column":2},"end":{"line":39,"column":null}},"type":"if","locations":[{"start":{"line":37,"column":2},"end":{"line":39,"column":null}}]},"1":{"loc":{"start":{"line":41,"column":2},"end":{"line":43,"column":null}},"type":"if","locations":[{"start":{"line":41,"column":2},"end":{"line":43,"column":null}}]},"2":{"loc":{"start":{"line":59,"column":2},"end":{"line":61,"column":null}},"type":"if","locations":[{"start":{"line":59,"column":2},"end":{"line":61,"column":null}}]},"3":{"loc":{"start":{"line":75,"column":2},"end":{"line":77,"column":null}},"type":"if","locations":[{"start":{"line":75,"column":2},"end":{"line":77,"column":null}}]},"4":{"loc":{"start":{"line":79,"column":2},"end":{"line":81,"column":null}},"type":"if","locations":[{"start":{"line":79,"column":2},"end":{"line":81,"column":null}}]}},"s":{"0":1,"1":0,"2":0,"3":0,"4":0,"5":0,"6":1,"7":0,"8":0,"9":0,"10":0,"11":0,"12":0,"13":0,"14":0,"15":0,"16":0,"17":0,"18":0,"19":1,"20":0,"21":0,"22":0,"23":0,"24":0,"25":0,"26":1,"27":0,"28":0,"29":0,"30":0,"31":0,"32":0,"33":0,"34":0,"35":0,"36":0,"37":1},"f":{"0":0,"1":0,"2":0,"3":0},"b":{"0":[0],"1":[0],"2":[0],"3":[0],"4":[0]}}
,"/home/blabla/Desktop/hk1-nam4/testing/Testing-Express-REST-API/src/controller/session.controller.ts": {"path":"/home/blabla/Desktop/hk1-nam4/testing/Testing-Express-REST-API/src/controller/session.controller.ts","statementMap":{"0":{"start":{"line":2,"column":0},"end":{"line":2,"column":28}},"1":{"start":{"line":3,"column":0},"end":{"line":3,"column":null}},"2":{"start":{"line":8,"column":0},"end":{"line":8,"column":59}},"3":{"start":{"line":9,"column":0},"end":{"line":9,"column":45}},"4":{"start":{"line":13,"column":15},"end":{"line":13,"column":null}},"5":{"start":{"line":13,"column":8},"end":{"line":13,"column":null}},"6":{"start":{"line":15,"column":2},"end":{"line":17,"column":null}},"7":{"start":{"line":16,"column":4},"end":{"line":16,"column":61}},"8":{"start":{"line":20,"column":18},"end":{"line":20,"column":null}},"9":{"start":{"line":20,"column":8},"end":{"line":20,"column":null}},"10":{"start":{"line":24,"column":8},"end":{"line":27,"column":4}},"11":{"start":{"line":30,"column":8},"end":{"line":33,"column":4}},"12":{"start":{"line":37,"column":2},"end":{"line":37,"column":49}},"13":{"start":{"line":11,"column":0},"end":{"line":11,"column":22}},"14":{"start":{"line":41,"column":8},"end":{"line":41,"column":37}},"15":{"start":{"line":43,"column":19},"end":{"line":43,"column":null}},"16":{"start":{"line":43,"column":8},"end":{"line":43,"column":null}},"17":{"start":{"line":45,"column":2},"end":{"line":45,"column":28}},"18":{"start":{"line":40,"column":0},"end":{"line":40,"column":22}},"19":{"start":{"line":49,"column":8},"end":{"line":49,"column":44}},"20":{"start":{"line":51,"column":2},"end":{"line":51,"column":60}},"21":{"start":{"line":53,"column":2},"end":{"line":56,"column":5}},"22":{"start":{"line":48,"column":0},"end":{"line":48,"column":22}}},"fnMap":{"0":{"name":"createUserSessionHandler","decl":{"start":{"line":11,"column":22},"end":{"line":11,"column":46}},"loc":{"start":{"line":11,"column":74},"end":{"line":38,"column":null}}},"1":{"name":"getUserSessionsHandler","decl":{"start":{"line":40,"column":22},"end":{"line":40,"column":44}},"loc":{"start":{"line":40,"column":72},"end":{"line":46,"column":null}}},"2":{"name":"deleteSessionHandler","decl":{"start":{"line":48,"column":22},"end":{"line":48,"column":42}},"loc":{"start":{"line":48,"column":70},"end":{"line":57,"column":null}}}},"branchMap":{"0":{"loc":{"start":{"line":13,"column":15},"end":{"line":13,"column":null}},"type":"switch","locations":[{"start":{"line":13,"column":15},"end":{"line":13,"column":null}}]},"1":{"loc":{"start":{"line":15,"column":2},"end":{"line":17,"column":null}},"type":"if","locations":[{"start":{"line":15,"column":2},"end":{"line":17,"column":null}}]},"2":{"loc":{"start":{"line":20,"column":48},"end":{"line":20,"column":69}},"type":"binary-expr","locations":[{"start":{"line":20,"column":48},"end":{"line":20,"column":69}},{"start":{"line":20,"column":73},"end":{"line":20,"column":75}}]}},"s":{"0":1,"1":1,"2":1,"3":1,"4":1,"5":1,"6":1,"7":0,"8":1,"9":1,"10":1,"11":1,"12":1,"13":1,"14":0,"15":0,"16":0,"17":0,"18":1,"19":0,"20":0,"21":0,"22":1},"f":{"0":1,"1":0,"2":0},"b":{"0":[1],"1":[0],"2":[1,0]}}
,"/home/blabla/Desktop/hk1-nam4/testing/Testing-Express-REST-API/src/controller/user.controller.ts": {"path":"/home/blabla/Desktop/hk1-nam4/testing/Testing-Express-REST-API/src/controller/user.controller.ts","statementMap":{"0":{"start":{"line":4,"column":0},"end":{"line":4,"column":53}},"1":{"start":{"line":5,"column":0},"end":{"line":5,"column":37}},"2":{"start":{"line":12,"column":17},"end":{"line":12,"column":null}},"3":{"start":{"line":12,"column":10},"end":{"line":12,"column":null}},"4":{"start":{"line":14,"column":4},"end":{"line":14,"column":26}},"5":{"start":{"line":16,"column":4},"end":{"line":16,"column":20}},"6":{"start":{"line":17,"column":4},"end":{"line":17,"column":43}},"7":{"start":{"line":7,"column":0},"end":{"line":7,"column":22}}},"fnMap":{"0":{"name":"createUserHandler","decl":{"start":{"line":7,"column":22},"end":{"line":7,"column":39}},"loc":{"start":{"line":9,"column":15},"end":{"line":19,"column":null}}}},"branchMap":{},"s":{"0":1,"1":1,"2":2,"3":2,"4":1,"5":1,"6":1,"7":1},"f":{"0":2},"b":{}}
,"/home/blabla/Desktop/hk1-nam4/testing/Testing-Express-REST-API/src/middleware/deserializeUser.ts": {"path":"/home/blabla/Desktop/hk1-nam4/testing/Testing-Express-REST-API/src/middleware/deserializeUser.ts","statementMap":{"0":{"start":{"line":1,"column":0},"end":{"line":1,"column":29}},"1":{"start":{"line":3,"column":0},"end":{"line":3,"column":47}},"2":{"start":{"line":4,"column":0},"end":{"line":4,"column":64}},"3":{"start":{"line":6,"column":24},"end":{"line":43,"column":2}},"4":{"start":{"line":9,"column":20},"end":{"line":43,"column":2}},"5":{"start":{"line":11,"column":8},"end":{"line":14,"column":4}},"6":{"start":{"line":16,"column":8},"end":{"line":16,"column":53}},"7":{"start":{"line":18,"column":2},"end":{"line":20,"column":null}},"8":{"start":{"line":19,"column":4},"end":{"line":19,"column":18}},"9":{"start":{"line":22,"column":8},"end":{"line":22,"column":31}},"10":{"start":{"line":24,"column":2},"end":{"line":27,"column":null}},"11":{"start":{"line":25,"column":4},"end":{"line":25,"column":30}},"12":{"start":{"line":26,"column":4},"end":{"line":26,"column":18}},"13":{"start":{"line":29,"column":6},"end":{"line":29,"column":13}},"14":{"start":{"line":30,"column":27},"end":{"line":30,"column":null}},"15":{"start":{"line":30,"column":10},"end":{"line":30,"column":null}},"16":{"start":{"line":32,"column":4},"end":{"line":34,"column":null}},"17":{"start":{"line":33,"column":6},"end":{"line":33,"column":54}},"18":{"start":{"line":36,"column":10},"end":{"line":36,"column":55}},"19":{"start":{"line":38,"column":4},"end":{"line":38,"column":37}},"20":{"start":{"line":39,"column":4},"end":{"line":39,"column":18}},"21":{"start":{"line":42,"column":2},"end":{"line":42,"column":16}},"22":{"start":{"line":45,"column":0},"end":{"line":45,"column":31}}},"fnMap":{"0":{"name":"(anonymous_13)","decl":{"start":{"line":6,"column":24},"end":{"line":6,"column":null}},"loc":{"start":{"line":9,"column":20},"end":{"line":43,"column":2}}},"1":{"name":"(anonymous_14)","decl":{"start":{"line":9,"column":20},"end":{"line":9,"column":null}},"loc":{"start":{"line":9,"column":20},"end":{"line":43,"column":2}}}},"branchMap":{"0":{"loc":{"start":{"line":42,"column":2},"end":{"line":42,"column":16}},"type":"switch","locations":[{"start":{"line":42,"column":2},"end":{"line":42,"column":16}}]},"1":{"loc":{"start":{"line":18,"column":2},"end":{"line":20,"column":null}},"type":"if","locations":[{"start":{"line":18,"column":2},"end":{"line":20,"column":null}}]},"2":{"loc":{"start":{"line":24,"column":2},"end":{"line":27,"column":null}},"type":"if","locations":[{"start":{"line":24,"column":2},"end":{"line":27,"column":null}}]},"3":{"loc":{"start":{"line":29,"column":6},"end":{"line":29,"column":13}},"type":"if","locations":[{"start":{"line":29,"column":6},"end":{"line":29,"column":13}}]},"4":{"loc":{"start":{"line":29,"column":6},"end":{"line":29,"column":13}},"type":"binary-expr","locations":[{"start":{"line":29,"column":6},"end":{"line":29,"column":13}},{"start":{"line":29,"column":17},"end":{"line":29,"column":29}}]},"5":{"loc":{"start":{"line":32,"column":4},"end":{"line":34,"column":null}},"type":"if","locations":[{"start":{"line":32,"column":4},"end":{"line":34,"column":null}}]}},"s":{"0":1,"1":1,"2":1,"3":1,"4":3,"5":3,"6":3,"7":3,"8":3,"9":0,"10":0,"11":0,"12":0,"13":0,"14":0,"15":0,"16":0,"17":0,"18":0,"19":0,"20":0,"21":0,"22":1},"f":{"0":3,"1":3},"b":{"0":[0],"1":[3],"2":[0],"3":[0],"4":[0,0],"5":[0]}}
,"/home/blabla/Desktop/hk1-nam4/testing/Testing-Express-REST-API/src/middleware/requireUser.ts": {"path":"/home/blabla/Desktop/hk1-nam4/testing/Testing-Express-REST-API/src/middleware/requireUser.ts","statementMap":{"0":{"start":{"line":3,"column":20},"end":{"line":11,"column":1}},"1":{"start":{"line":4,"column":15},"end":{"line":4,"column":30}},"2":{"start":{"line":6,"column":2},"end":{"line":8,"column":null}},"3":{"start":{"line":7,"column":4},"end":{"line":7,"column":31}},"4":{"start":{"line":10,"column":2},"end":{"line":10,"column":16}},"5":{"start":{"line":13,"column":0},"end":{"line":13,"column":27}}},"fnMap":{"0":{"name":"(anonymous_0)","decl":{"start":{"line":3,"column":20},"end":{"line":3,"column":21}},"loc":{"start":{"line":3,"column":68},"end":{"line":11,"column":1}}}},"branchMap":{"0":{"loc":{"start":{"line":6,"column":2},"end":{"line":8,"column":null}},"type":"if","locations":[{"start":{"line":6,"column":2},"end":{"line":8,"column":null}}]}},"s":{"0":1,"1":0,"2":0,"3":0,"4":0,"5":1},"f":{"0":0},"b":{"0":[0]}}
,"/home/blabla/Desktop/hk1-nam4/testing/Testing-Express-REST-API/src/middleware/validateResource.ts": {"path":"/home/blabla/Desktop/hk1-nam4/testing/Testing-Express-REST-API/src/middleware/validateResource.ts","statementMap":{"0":{"start":{"line":5,"column":2},"end":{"line":6,"column":3}},"1":{"start":{"line":6,"column":2},"end":{"line":17,"column":4}},"2":{"start":{"line":7,"column":4},"end":{"line":16,"column":null}},"3":{"start":{"line":8,"column":6},"end":{"line":12,"column":9}},"4":{"start":{"line":13,"column":6},"end":{"line":13,"column":13}},"5":{"start":{"line":15,"column":6},"end":{"line":15,"column":44}},"6":{"start":{"line":19,"column":0},"end":{"line":19,"column":24}}},"fnMap":{"0":{"name":"(anonymous_0)","decl":{"start":{"line":5,"column":2},"end":{"line":5,"column":3}},"loc":{"start":{"line":5,"column":23},"end":{"line":6,"column":3}}},"1":{"name":"(anonymous_1)","decl":{"start":{"line":6,"column":2},"end":{"line":6,"column":3}},"loc":{"start":{"line":6,"column":50},"end":{"line":17,"column":3}}}},"branchMap":{},"s":{"0":1,"1":12,"2":3,"3":3,"4":2,"5":1,"6":1},"f":{"0":12,"1":3},"b":{}}
,"/home/blabla/Desktop/hk1-nam4/testing/Testing-Express-REST-API/src/models/product.model.ts": {"path":"/home/blabla/Desktop/hk1-nam4/testing/Testing-Express-REST-API/src/models/product.model.ts","statementMap":{"0":{"start":{"line":1,"column":0},"end":{"line":1,"column":32}},"1":{"start":{"line":2,"column":0},"end":{"line":2,"column":40}},"2":{"start":{"line":5,"column":15},"end":{"line":5,"column":73}},"3":{"start":{"line":18,"column":22},"end":{"line":34,"column":null}},"4":{"start":{"line":24,"column":21},"end":{"line":24,"column":null}},"5":{"start":{"line":37,"column":21},"end":{"line":37,"column":78}},"6":{"start":{"line":39,"column":0},"end":{"line":39,"column":28}}},"fnMap":{"0":{"name":"(anonymous_1)","decl":{"start":{"line":24,"column":15},"end":{"line":24,"column":21}},"loc":{"start":{"line":24,"column":15},"end":{"line":24,"column":32}}}},"branchMap":{},"s":{"0":1,"1":1,"2":1,"3":1,"4":0,"5":1,"6":1},"f":{"0":0},"b":{}}
,"/home/blabla/Desktop/hk1-nam4/testing/Testing-Express-REST-API/src/models/session.model.ts": {"path":"/home/blabla/Desktop/hk1-nam4/testing/Testing-Express-REST-API/src/models/session.model.ts","statementMap":{"0":{"start":{"line":1,"column":0},"end":{"line":1,"column":32}},"1":{"start":{"line":12,"column":22},"end":{"line":20,"column":null}},"2":{"start":{"line":23,"column":21},"end":{"line":23,"column":78}},"3":{"start":{"line":25,"column":0},"end":{"line":25,"column":28}}},"fnMap":{},"branchMap":{},"s":{"0":1,"1":1,"2":1,"3":1},"f":{},"b":{}}
,"/home/blabla/Desktop/hk1-nam4/testing/Testing-Express-REST-API/src/models/user.model.ts": {"path":"/home/blabla/Desktop/hk1-nam4/testing/Testing-Express-REST-API/src/models/user.model.ts","statementMap":{"0":{"start":{"line":1,"column":0},"end":{"line":1,"column":32}},"1":{"start":{"line":2,"column":0},"end":{"line":2,"column":28}},"2":{"start":{"line":3,"column":0},"end":{"line":3,"column":28}},"3":{"start":{"line":14,"column":19},"end":{"line":22,"column":null}},"4":{"start":{"line":25,"column":0},"end":{"line":39,"column":3}},"5":{"start":{"line":26,"column":6},"end":{"line":26,"column":34}},"6":{"start":{"line":28,"column":2},"end":{"line":30,"column":null}},"7":{"start":{"line":29,"column":4},"end":{"line":29,"column":18}},"8":{"start":{"line":32,"column":15},"end":{"line":32,"column":null}},"9":{"start":{"line":32,"column":8},"end":{"line":32,"column":null}},"10":{"start":{"line":34,"column":15},"end":{"line":34,"column":null}},"11":{"start":{"line":34,"column":8},"end":{"line":34,"column":null}},"12":{"start":{"line":36,"column":2},"end":{"line":36,"column":23}},"13":{"start":{"line":38,"column":2},"end":{"line":38,"column":16}},"14":{"start":{"line":41,"column":0},"end":{"line":47,"column":2}},"15":{"start":{"line":44,"column":8},"end":{"line":44,"column":36}},"16":{"start":{"line":46,"column":2},"end":{"line":46,"column":78}},"17":{"start":{"line":46,"column":71},"end":{"line":46,"column":77}},"18":{"start":{"line":49,"column":18},"end":{"line":49,"column":66}},"19":{"start":{"line":51,"column":0},"end":{"line":51,"column":25}}},"fnMap":{"0":{"name":"(anonymous_14)","decl":{"start":{"line":25,"column":23},"end":{"line":25,"column":39}},"loc":{"start":{"line":25,"column":43},"end":{"line":39,"column":2}}},"1":{"name":"(anonymous_17)","decl":{"start":{"line":41,"column":37},"end":{"line":41,"column":null}},"loc":{"start":{"line":42,"column":27},"end":{"line":47,"column":2}}},"2":{"name":"(anonymous_20)","decl":{"start":{"line":46,"column":64},"end":{"line":46,"column":65}},"loc":{"start":{"line":46,"column":66},"end":{"line":46,"column":76}}}},"branchMap":{"0":{"loc":{"start":{"line":28,"column":2},"end":{"line":30,"column":null}},"type":"if","locations":[{"start":{"line":28,"column":2},"end":{"line":30,"column":null}}]}},"s":{"0":1,"1":1,"2":1,"3":1,"4":1,"5":0,"6":0,"7":0,"8":0,"9":0,"10":0,"11":0,"12":0,"13":0,"14":1,"15":0,"16":0,"17":0,"18":1,"19":1},"f":{"0":0,"1":0,"2":0},"b":{"0":[0]}}
,"/home/blabla/Desktop/hk1-nam4/testing/Testing-Express-REST-API/src/schema/product.schema.ts": {"path":"/home/blabla/Desktop/hk1-nam4/testing/Testing-Express-REST-API/src/schema/product.schema.ts","statementMap":{"0":{"start":{"line":1,"column":0},"end":{"line":1,"column":53}},"1":{"start":{"line":2,"column":16},"end":{"line":17,"column":2}},"2":{"start":{"line":19,"column":15},"end":{"line":25,"column":2}},"3":{"start":{"line":27,"column":13},"end":{"line":29,"column":3}},"4":{"start":{"line":31,"column":13},"end":{"line":34,"column":3}},"5":{"start":{"line":36,"column":13},"end":{"line":38,"column":3}},"6":{"start":{"line":40,"column":13},"end":{"line":42,"column":3}}},"fnMap":{},"branchMap":{},"s":{"0":1,"1":1,"2":1,"3":1,"4":1,"5":1,"6":1},"f":{},"b":{}}
,"/home/blabla/Desktop/hk1-nam4/testing/Testing-Express-REST-API/src/schema/session.schema.ts": {"path":"/home/blabla/Desktop/hk1-nam4/testing/Testing-Express-REST-API/src/schema/session.schema.ts","statementMap":{"0":{"start":{"line":1,"column":0},"end":{"line":1,"column":37}},"1":{"start":{"line":3,"column":13},"end":{"line":12,"column":3}}},"fnMap":{},"branchMap":{},"s":{"0":1,"1":1},"f":{},"b":{}}
,"/home/blabla/Desktop/hk1-nam4/testing/Testing-Express-REST-API/src/schema/user.schema.ts": {"path":"/home/blabla/Desktop/hk1-nam4/testing/Testing-Express-REST-API/src/schema/user.schema.ts","statementMap":{"0":{"start":{"line":1,"column":0},"end":{"line":1,"column":45}},"1":{"start":{"line":3,"column":13},"end":{"line":21,"column":3}},"2":{"start":{"line":17,"column":22},"end":{"line":17,"column":67}}},"fnMap":{"0":{"name":"(anonymous_0)","decl":{"start":{"line":17,"column":12},"end":{"line":17,"column":13}},"loc":{"start":{"line":17,"column":17},"end":{"line":17,"column":26}}}},"branchMap":{},"s":{"0":1,"1":1,"2":3},"f":{"0":3},"b":{}}
,"/home/blabla/Desktop/hk1-nam4/testing/Testing-Express-REST-API/src/service/product.service.ts": {"path":"/home/blabla/Desktop/hk1-nam4/testing/Testing-Express-REST-API/src/service/product.service.ts","statementMap":{"0":{"start":{"line":7,"column":0},"end":{"line":7,"column":72}},"1":{"start":{"line":14,"column":2},"end":{"line":14,"column":36}},"2":{"start":{"line":9,"column":0},"end":{"line":9,"column":22}},"3":{"start":{"line":19,"column":2},"end":{"line":19,"column":null}},"4":{"start":{"line":21,"column":2},"end":{"line":21,"column":50}},"5":{"start":{"line":17,"column":0},"end":{"line":17,"column":22}},"6":{"start":{"line":29,"column":2},"end":{"line":29,"column":63}},"7":{"start":{"line":24,"column":0},"end":{"line":24,"column":22}},"8":{"start":{"line":33,"column":2},"end":{"line":33,"column":39}},"9":{"start":{"line":32,"column":0},"end":{"line":32,"column":22}}},"fnMap":{"0":{"name":"createProduct","decl":{"start":{"line":9,"column":22},"end":{"line":9,"column":35}},"loc":{"start":{"line":12,"column":3},"end":{"line":15,"column":null}}},"1":{"name":"findProduct","decl":{"start":{"line":17,"column":22},"end":{"line":17,"column":33}},"loc":{"start":{"line":19,"column":40},"end":{"line":22,"column":null}}},"2":{"name":"findAndUpdateProduct","decl":{"start":{"line":24,"column":22},"end":{"line":24,"column":42}},"loc":{"start":{"line":27,"column":23},"end":{"line":30,"column":null}}},"3":{"name":"deleteProduct","decl":{"start":{"line":32,"column":22},"end":{"line":32,"column":35}},"loc":{"start":{"line":32,"column":71},"end":{"line":34,"column":null}}}},"branchMap":{"0":{"loc":{"start":{"line":19,"column":2},"end":{"line":19,"column":null}},"type":"if","locations":[{"start":{"line":19,"column":2},"end":{"line":19,"column":null}}]}},"s":{"0":1,"1":0,"2":1,"3":0,"4":0,"5":1,"6":0,"7":1,"8":0,"9":1},"f":{"0":0,"1":0,"2":0,"3":0},"b":{"0":[0]}}
,"/home/blabla/Desktop/hk1-nam4/testing/Testing-Express-REST-API/src/service/session.service.ts": {"path":"/home/blabla/Desktop/hk1-nam4/testing/Testing-Express-REST-API/src/service/session.service.ts","statementMap":{"0":{"start":{"line":1,"column":0},"end":{"line":1,"column":29}},"1":{"start":{"line":2,"column":0},"end":{"line":2,"column":28}},"2":{"start":{"line":4,"column":0},"end":{"line":4,"column":72}},"3":{"start":{"line":5,"column":0},"end":{"line":5,"column":56}},"4":{"start":{"line":6,"column":0},"end":{"line":6,"column":42}},"5":{"start":{"line":9,"column":18},"end":{"line":9,"column":null}},"6":{"start":{"line":9,"column":8},"end":{"line":9,"column":null}},"7":{"start":{"line":11,"column":2},"end":{"line":11,"column":26}},"8":{"start":{"line":8,"column":0},"end":{"line":8,"column":22}},"9":{"start":{"line":15,"column":2},"end":{"line":15,"column":41}},"10":{"start":{"line":14,"column":0},"end":{"line":14,"column":22}},"11":{"start":{"line":22,"column":2},"end":{"line":22,"column":47}},"12":{"start":{"line":18,"column":0},"end":{"line":18,"column":22}},"13":{"start":{"line":26,"column":14},"end":{"line":26,"column":null}},"14":{"start":{"line":30,"column":10},"end":{"line":30,"column":22}},"15":{"start":{"line":32,"column":2},"end":{"line":32,"column":57}},"16":{"start":{"line":32,"column":44},"end":{"line":32,"column":57}},"17":{"start":{"line":34,"column":18},"end":{"line":34,"column":null}},"18":{"start":{"line":34,"column":8},"end":{"line":34,"column":null}},"19":{"start":{"line":36,"column":2},"end":{"line":36,"column":47}},"20":{"start":{"line":36,"column":34},"end":{"line":36,"column":47}},"21":{"start":{"line":38,"column":15},"end":{"line":38,"column":null}},"22":{"start":{"line":38,"column":8},"end":{"line":38,"column":null}},"23":{"start":{"line":40,"column":2},"end":{"line":40,"column":26}},"24":{"start":{"line":40,"column":13},"end":{"line":40,"column":26}},"25":{"start":{"line":42,"column":8},"end":{"line":45,"column":4}},"26":{"start":{"line":47,"column":2},"end":{"line":47,"column":21}},"27":{"start":{"line":25,"column":0},"end":{"line":25,"column":22}}},"fnMap":{"0":{"name":"createSession","decl":{"start":{"line":8,"column":22},"end":{"line":8,"column":35}},"loc":{"start":{"line":8,"column":69},"end":{"line":12,"column":null}}},"1":{"name":"findSessions","decl":{"start":{"line":14,"column":22},"end":{"line":14,"column":34}},"loc":{"start":{"line":14,"column":70},"end":{"line":16,"column":null}}},"2":{"name":"updateSession","decl":{"start":{"line":18,"column":22},"end":{"line":18,"column":35}},"loc":{"start":{"line":20,"column":38},"end":{"line":23,"column":null}}},"3":{"name":"reIssueAccessToken","decl":{"start":{"line":25,"column":22},"end":{"line":25,"column":40}},"loc":{"start":{"line":29,"column":1},"end":{"line":48,"column":null}}}},"branchMap":{"0":{"loc":{"start":{"line":9,"column":18},"end":{"line":9,"column":null}},"type":"switch","locations":[{"start":{"line":9,"column":18},"end":{"line":9,"column":null}}]},"1":{"loc":{"start":{"line":32,"column":2},"end":{"line":32,"column":57}},"type":"if","locations":[{"start":{"line":32,"column":2},"end":{"line":32,"column":57}}]},"2":{"loc":{"start":{"line":32,"column":6},"end":{"line":32,"column":14}},"type":"binary-expr","locations":[{"start":{"line":32,"column":6},"end":{"line":32,"column":14}},{"start":{"line":32,"column":18},"end":{"line":32,"column":42}}]},"3":{"loc":{"start":{"line":36,"column":2},"end":{"line":36,"column":47}},"type":"if","locations":[{"start":{"line":36,"column":2},"end":{"line":36,"column":47}}]},"4":{"loc":{"start":{"line":36,"column":6},"end":{"line":36,"column":14}},"type":"binary-expr","locations":[{"start":{"line":36,"column":6},"end":{"line":36,"column":14}},{"start":{"line":36,"column":18},"end":{"line":36,"column":32}}]},"5":{"loc":{"start":{"line":40,"column":2},"end":{"line":40,"column":26}},"type":"if","locations":[{"start":{"line":40,"column":2},"end":{"line":40,"column":26}}]}},"s":{"0":1,"1":1,"2":1,"3":1,"4":1,"5":0,"6":0,"7":0,"8":1,"9":0,"10":1,"11":0,"12":1,"13":0,"14":0,"15":0,"16":0,"17":0,"18":0,"19":0,"20":0,"21":0,"22":0,"23":0,"24":0,"25":0,"26":0,"27":1},"f":{"0":0,"1":0,"2":0,"3":0},"b":{"0":[0],"1":[0],"2":[0,0],"3":[0],"4":[0,0],"5":[0]}}
,"/home/blabla/Desktop/hk1-nam4/testing/Testing-Express-REST-API/src/service/user.service.ts": {"path":"/home/blabla/Desktop/hk1-nam4/testing/Testing-Express-REST-API/src/service/user.service.ts","statementMap":{"0":{"start":{"line":2,"column":0},"end":{"line":2,"column":30}},"1":{"start":{"line":3,"column":0},"end":{"line":3,"column":63}},"2":{"start":{"line":11,"column":17},"end":{"line":11,"column":null}},"3":{"start":{"line":11,"column":10},"end":{"line":11,"column":null}},"4":{"start":{"line":13,"column":4},"end":{"line":13,"column":43}},"5":{"start":{"line":15,"column":4},"end":{"line":15,"column":23}},"6":{"start":{"line":5,"column":0},"end":{"line":5,"column":22}},"7":{"start":{"line":20,"column":7},"end":{"line":20,"column":null}},"8":{"start":{"line":21,"column":10},"end":{"line":21,"column":null}},"9":{"start":{"line":26,"column":15},"end":{"line":26,"column":null}},"10":{"start":{"line":26,"column":8},"end":{"line":26,"column":null}},"11":{"start":{"line":28,"column":2},"end":{"line":30,"column":null}},"12":{"start":{"line":29,"column":4},"end":{"line":29,"column":17}},"13":{"start":{"line":32,"column":18},"end":{"line":32,"column":null}},"14":{"start":{"line":32,"column":8},"end":{"line":32,"column":null}},"15":{"start":{"line":34,"column":2},"end":{"line":34,"column":29}},"16":{"start":{"line":34,"column":16},"end":{"line":34,"column":29}},"17":{"start":{"line":36,"column":2},"end":{"line":36,"column":41}},"18":{"start":{"line":19,"column":0},"end":{"line":19,"column":22}},"19":{"start":{"line":40,"column":2},"end":{"line":40,"column":41}},"20":{"start":{"line":39,"column":0},"end":{"line":39,"column":22}}},"fnMap":{"0":{"name":"createUser","decl":{"start":{"line":5,"column":22},"end":{"line":5,"column":32}},"loc":{"start":{"line":8,"column":3},"end":{"line":17,"column":null}}},"1":{"name":"validatePassword","decl":{"start":{"line":19,"column":22},"end":{"line":19,"column":38}},"loc":{"start":{"line":25,"column":1},"end":{"line":37,"column":null}}},"2":{"name":"findUser","decl":{"start":{"line":39,"column":22},"end":{"line":39,"column":30}},"loc":{"start":{"line":39,"column":63},"end":{"line":41,"column":null}}}},"branchMap":{"0":{"loc":{"start":{"line":26,"column":15},"end":{"line":26,"column":null}},"type":"switch","locations":[{"start":{"line":26,"column":15},"end":{"line":26,"column":null}}]},"1":{"loc":{"start":{"line":28,"column":2},"end":{"line":30,"column":null}},"type":"if","locations":[{"start":{"line":28,"column":2},"end":{"line":30,"column":null}}]},"2":{"loc":{"start":{"line":34,"column":2},"end":{"line":34,"column":29}},"type":"if","locations":[{"start":{"line":34,"column":2},"end":{"line":34,"column":29}}]}},"s":{"0":1,"1":1,"2":0,"3":0,"4":0,"5":0,"6":1,"7":0,"8":0,"9":0,"10":0,"11":0,"12":0,"13":0,"14":0,"15":0,"16":0,"17":0,"18":1,"19":0,"20":1},"f":{"0":0,"1":0,"2":0},"b":{"0":[0],"1":[0],"2":[0]}}
,"/home/blabla/Desktop/hk1-nam4/testing/Testing-Express-REST-API/src/utils/jwt.utils.ts": {"path":"/home/blabla/Desktop/hk1-nam4/testing/Testing-Express-REST-API/src/utils/jwt.utils.ts","statementMap":{"0":{"start":{"line":1,"column":0},"end":{"line":1,"column":31}},"1":{"start":{"line":2,"column":0},"end":{"line":2,"column":28}},"2":{"start":{"line":4,"column":19},"end":{"line":4,"column":51}},"3":{"start":{"line":5,"column":18},"end":{"line":5,"column":49}},"4":{"start":{"line":8,"column":2},"end":{"line":11,"column":5}},"5":{"start":{"line":7,"column":0},"end":{"line":7,"column":16}},"6":{"start":{"line":15,"column":2},"end":{"line":29,"column":null}},"7":{"start":{"line":16,"column":20},"end":{"line":16,"column":48}},"8":{"start":{"line":17,"column":4},"end":{"line":21,"column":6}},"9":{"start":{"line":23,"column":4},"end":{"line":23,"column":21}},"10":{"start":{"line":24,"column":4},"end":{"line":28,"column":6}},"11":{"start":{"line":14,"column":0},"end":{"line":14,"column":16}}},"fnMap":{"0":{"name":"signJwt","decl":{"start":{"line":7,"column":16},"end":{"line":7,"column":23}},"loc":{"start":{"line":7,"column":77},"end":{"line":12,"column":1}}},"1":{"name":"verifyJwt","decl":{"start":{"line":14,"column":16},"end":{"line":14,"column":25}},"loc":{"start":{"line":14,"column":39},"end":{"line":30,"column":1}}}},"branchMap":{"0":{"loc":{"start":{"line":9,"column":8},"end":{"line":9,"column":15}},"type":"binary-expr","locations":[{"start":{"line":9,"column":8},"end":{"line":9,"column":15}},{"start":{"line":9,"column":19},"end":{"line":9,"column":26}}]}},"s":{"0":1,"1":1,"2":1,"3":1,"4":2,"5":1,"6":0,"7":0,"8":0,"9":0,"10":0,"11":1},"f":{"0":2,"1":0},"b":{"0":[2,2]}}
,"/home/blabla/Desktop/hk1-nam4/testing/Testing-Express-REST-API/src/utils/logger.ts": {"path":"/home/blabla/Desktop/hk1-nam4/testing/Testing-Express-REST-API/src/utils/logger.ts","statementMap":{"0":{"start":{"line":1,"column":0},"end":{"line":1,"column":26}},"1":{"start":{"line":2,"column":0},"end":{"line":2,"column":26}},"2":{"start":{"line":4,"column":12},"end":{"line":10,"column":2}},"3":{"start":{"line":9,"column":19},"end":{"line":9,"column":null}},"4":{"start":{"line":12,"column":0},"end":{"line":12,"column":19}}},"fnMap":{"0":{"name":"(anonymous_1)","decl":{"start":{"line":9,"column":13},"end":{"line":9,"column":19}},"loc":{"start":{"line":9,"column":13},"end":{"line":9,"column":31}}}},"branchMap":{},"s":{"0":1,"1":1,"2":1,"3":2,"4":1},"f":{"0":2},"b":{}}
,"/home/blabla/Desktop/hk1-nam4/testing/Testing-Express-REST-API/src/utils/server.ts": {"path":"/home/blabla/Desktop/hk1-nam4/testing/Testing-Express-REST-API/src/utils/server.ts","statementMap":{"0":{"start":{"line":1,"column":0},"end":{"line":1,"column":30}},"1":{"start":{"line":2,"column":0},"end":{"line":2,"column":31}},"2":{"start":{"line":3,"column":0},"end":{"line":3,"column":60}},"3":{"start":{"line":6,"column":14},"end":{"line":6,"column":23}},"4":{"start":{"line":8,"column":2},"end":{"line":8,"column":26}},"5":{"start":{"line":10,"column":2},"end":{"line":10,"column":27}},"6":{"start":{"line":12,"column":2},"end":{"line":12,"column":14}},"7":{"start":{"line":14,"column":2},"end":{"line":14,"column":13}},"8":{"start":{"line":17,"column":0},"end":{"line":17,"column":28}}},"fnMap":{"0":{"name":"createServer","decl":{"start":{"line":5,"column":9},"end":{"line":5,"column":21}},"loc":{"start":{"line":5,"column":21},"end":{"line":15,"column":1}}}},"branchMap":{},"s":{"0":1,"1":1,"2":1,"3":2,"4":2,"5":2,"6":2,"7":2,"8":1},"f":{"0":2},"b":{}}
}
