TN:
SF:config/default.ts
FNF:0
FNH:0
DA:1,1
LF:1
LH:1
BRF:0
BRH:0
end_of_record
TN:
SF:config/test.ts
FNF:0
FNH:0
DA:1,1
LF:1
LH:1
BRF:0
BRH:0
end_of_record
TN:
SF:src/routes.ts
FN:24,routes
FN:25,(anonymous_2)
FNF:2
FNH:1
FNDA:2,routes
FNDA:0,(anonymous_2)
DA:2,1
DA:7,1
DA:12,1
DA:13,1
DA:14,1
DA:15,1
DA:21,1
DA:22,1
DA:25,2
DA:27,2
DA:29,2
DA:35,2
DA:37,2
DA:39,2
DA:45,2
DA:51,2
DA:57,2
DA:64,1
LF:18
LH:18
BRF:0
BRH:0
end_of_record
TN:
SF:src/controller/product.controller.ts
FN:13,createProductHandler
FN:26,updateProductHandler
FN:52,getProductHandler
FN:66,deleteProductHandler
FNF:4
FNH:0
FNDA:0,createProductHandler
FNDA:0,updateProductHandler
FNDA:0,getProductHandler
FNDA:0,deleteProductHandler
DA:6,1
DA:13,1
DA:17,0
DA:19,0
DA:21,0
DA:23,0
DA:26,1
DA:30,0
DA:32,0
DA:33,0
DA:35,0
DA:37,0
DA:38,0
DA:41,0
DA:42,0
DA:45,0
DA:49,0
DA:52,1
DA:56,0
DA:57,0
DA:59,0
DA:60,0
DA:63,0
DA:66,1
DA:70,0
DA:71,0
DA:73,0
DA:75,0
DA:76,0
DA:79,0
DA:80,0
DA:83,0
DA:85,0
LF:33
LH:5
BRDA:37,0,0,0
BRDA:41,1,0,0
BRDA:59,2,0,0
BRDA:75,3,0,0
BRDA:79,4,0,0
BRF:5
BRH:0
end_of_record
TN:
SF:src/controller/session.controller.ts
FN:11,createUserSessionHandler
FN:40,getUserSessionsHandler
FN:48,deleteSessionHandler
FNF:3
FNH:1
FNDA:1,createUserSessionHandler
FNDA:0,getUserSessionsHandler
FNDA:0,deleteSessionHandler
DA:2,1
DA:3,1
DA:8,1
DA:9,1
DA:11,1
DA:13,1
DA:15,1
DA:16,0
DA:20,1
DA:24,1
DA:30,1
DA:37,1
DA:40,1
DA:41,0
DA:43,0
DA:45,0
DA:48,1
DA:49,0
DA:51,0
DA:53,0
LF:20
LH:13
BRDA:13,0,0,1
BRDA:15,1,0,0
BRDA:20,2,0,1
BRDA:20,2,1,0
BRF:4
BRH:2
end_of_record
TN:
SF:src/controller/user.controller.ts
FN:7,createUserHandler
FNF:1
FNH:1
FNDA:2,createUserHandler
DA:4,1
DA:5,1
DA:7,1
DA:12,2
DA:14,1
DA:16,1
DA:17,1
LF:7
LH:7
BRF:0
BRH:0
end_of_record
TN:
SF:src/middleware/deserializeUser.ts
FN:6,(anonymous_13)
FN:9,(anonymous_14)
FNF:2
FNH:2
FNDA:3,(anonymous_13)
FNDA:3,(anonymous_14)
DA:1,1
DA:3,1
DA:4,1
DA:6,1
DA:9,3
DA:11,3
DA:16,3
DA:18,3
DA:19,3
DA:22,0
DA:24,0
DA:25,0
DA:26,0
DA:29,0
DA:30,0
DA:32,0
DA:33,0
DA:36,0
DA:38,0
DA:39,0
DA:42,0
DA:45,1
LF:22
LH:10
BRDA:42,0,0,0
BRDA:18,1,0,3
BRDA:24,2,0,0
BRDA:29,3,0,0
BRDA:29,4,0,0
BRDA:29,4,1,0
BRDA:32,5,0,0
BRF:7
BRH:1
end_of_record
TN:
SF:src/middleware/requireUser.ts
FN:3,(anonymous_0)
FNF:1
FNH:0
FNDA:0,(anonymous_0)
DA:3,1
DA:4,0
DA:6,0
DA:7,0
DA:10,0
DA:13,1
LF:6
LH:2
BRDA:6,0,0,0
BRF:1
BRH:0
end_of_record
TN:
SF:src/middleware/validateResource.ts
FN:5,(anonymous_0)
FN:6,(anonymous_1)
FNF:2
FNH:2
FNDA:12,(anonymous_0)
FNDA:3,(anonymous_1)
DA:5,1
DA:6,12
DA:7,3
DA:8,3
DA:13,2
DA:15,1
DA:19,1
LF:7
LH:7
BRF:0
BRH:0
end_of_record
TN:
SF:src/models/product.model.ts
FN:24,(anonymous_1)
FNF:1
FNH:0
FNDA:0,(anonymous_1)
DA:1,1
DA:2,1
DA:5,1
DA:18,1
DA:24,0
DA:37,1
DA:39,1
LF:7
LH:6
BRF:0
BRH:0
end_of_record
TN:
SF:src/models/session.model.ts
FNF:0
FNH:0
DA:1,1
DA:12,1
DA:23,1
DA:25,1
LF:4
LH:4
BRF:0
BRH:0
end_of_record
TN:
SF:src/models/user.model.ts
FN:25,(anonymous_14)
FN:41,(anonymous_17)
FN:46,(anonymous_20)
FNF:3
FNH:0
FNDA:0,(anonymous_14)
FNDA:0,(anonymous_17)
FNDA:0,(anonymous_20)
DA:1,1
DA:2,1
DA:3,1
DA:14,1
DA:25,1
DA:26,0
DA:28,0
DA:29,0
DA:32,0
DA:34,0
DA:36,0
DA:38,0
DA:41,1
DA:44,0
DA:46,0
DA:49,1
DA:51,1
LF:17
LH:8
BRDA:28,0,0,0
BRF:1
BRH:0
end_of_record
TN:
SF:src/schema/product.schema.ts
FNF:0
FNH:0
DA:1,1
DA:2,1
DA:19,1
DA:27,1
DA:31,1
DA:36,1
DA:40,1
LF:7
LH:7
BRF:0
BRH:0
end_of_record
TN:
SF:src/schema/session.schema.ts
FNF:0
FNH:0
DA:1,1
DA:3,1
LF:2
LH:2
BRF:0
BRH:0
end_of_record
TN:
SF:src/schema/user.schema.ts
FN:17,(anonymous_0)
FNF:1
FNH:1
FNDA:3,(anonymous_0)
DA:1,1
DA:3,1
DA:17,3
LF:3
LH:3
BRF:0
BRH:0
end_of_record
TN:
SF:src/service/product.service.ts
FN:9,createProduct
FN:17,findProduct
FN:24,findAndUpdateProduct
FN:32,deleteProduct
FNF:4
FNH:0
FNDA:0,createProduct
FNDA:0,findProduct
FNDA:0,findAndUpdateProduct
FNDA:0,deleteProduct
DA:7,1
DA:9,1
DA:14,0
DA:17,1
DA:19,0
DA:21,0
DA:24,1
DA:29,0
DA:32,1
DA:33,0
LF:10
LH:5
BRDA:19,0,0,0
BRF:1
BRH:0
end_of_record
TN:
SF:src/service/session.service.ts
FN:8,createSession
FN:14,findSessions
FN:18,updateSession
FN:25,reIssueAccessToken
FNF:4
FNH:0
FNDA:0,createSession
FNDA:0,findSessions
FNDA:0,updateSession
FNDA:0,reIssueAccessToken
DA:1,1
DA:2,1
DA:4,1
DA:5,1
DA:6,1
DA:8,1
DA:9,0
DA:11,0
DA:14,1
DA:15,0
DA:18,1
DA:22,0
DA:25,1
DA:26,0
DA:30,0
DA:32,0
DA:34,0
DA:36,0
DA:38,0
DA:40,0
DA:42,0
DA:47,0
LF:22
LH:9
BRDA:9,0,0,0
BRDA:32,1,0,0
BRDA:32,2,0,0
BRDA:32,2,1,0
BRDA:36,3,0,0
BRDA:36,4,0,0
BRDA:36,4,1,0
BRDA:40,5,0,0
BRF:8
BRH:0
end_of_record
TN:
SF:src/service/user.service.ts
FN:5,createUser
FN:19,validatePassword
FN:39,findUser
FNF:3
FNH:0
FNDA:0,createUser
FNDA:0,validatePassword
FNDA:0,findUser
DA:2,1
DA:3,1
DA:5,1
DA:11,0
DA:13,0
DA:15,0
DA:19,1
DA:20,0
DA:21,0
DA:26,0
DA:28,0
DA:29,0
DA:32,0
DA:34,0
DA:36,0
DA:39,1
DA:40,0
LF:17
LH:5
BRDA:26,0,0,0
BRDA:28,1,0,0
BRDA:34,2,0,0
BRF:3
BRH:0
end_of_record
TN:
SF:src/utils/jwt.utils.ts
FN:7,signJwt
FN:14,verifyJwt
FNF:2
FNH:1
FNDA:2,signJwt
FNDA:0,verifyJwt
DA:1,1
DA:2,1
DA:4,1
DA:5,1
DA:7,1
DA:8,2
DA:14,1
DA:15,0
DA:16,0
DA:17,0
DA:23,0
DA:24,0
LF:12
LH:7
BRDA:9,0,0,2
BRDA:9,0,1,2
BRF:2
BRH:2
end_of_record
TN:
SF:src/utils/logger.ts
FN:9,(anonymous_1)
FNF:1
FNH:1
FNDA:2,(anonymous_1)
DA:1,1
DA:2,1
DA:4,1
DA:9,2
DA:12,1
LF:5
LH:5
BRF:0
BRH:0
end_of_record
TN:
SF:src/utils/server.ts
FN:5,createServer
FNF:1
FNH:1
FNDA:2,createServer
DA:1,1
DA:2,1
DA:3,1
DA:6,2
DA:8,2
DA:10,2
DA:12,2
DA:14,2
DA:17,1
LF:9
LH:9
BRF:0
BRH:0
end_of_record
